<?xml version="1.0" encoding="UTF-8"?>
<!-- Generated by org.testng.reporters.JUnitReportReporter -->
<testsuite hostname="LAPTOP-7H29QR0O" failures="0" tests="4" name="com.qait.test.basicTest" time="71.120" errors="0" timestamp="18 Jun 2021 04:35:59 GMT">
  <testcase classname="com.qait.test.basicTest" name="getMoviePlot" time="8.820"/>
  <testcase classname="com.qait.test.basicTest" name="selectTitleOption" time="2.810"/>
  <testcase classname="com.qait.test.basicTest" name="getCastOfMovie" time="17.428"/>
  <testcase classname="com.qait.test.basicTest" name="searchMovieByName" time="42.062"/>
</testsuite> <!-- com.qait.test.basicTest -->
